;  LST file generated by mikroListExporter - v.2.0 
; Date/Time: 22.04.2016 21:49:10
;----------------------------------------------

;Address Opcode 	ASM
0x0000	0xF000EFC0  	GOTO        384
0x0004	0x0000      	NOP
0x0006	0x0000      	NOP
0x0008	0xF000EF00  	GOTO        0
0x000C	0x0000      	NOP
0x000E	0x0000      	NOP
0x0010	0x0000      	NOP
0x0012	0x0000      	NOP
0x0014	0x0000      	NOP
0x0016	0x0000      	NOP
0x0018	0xD7F3      	BRA         0
_Delay_10us:
;__Lib_Delays.c,11 :: 		void Delay_10us() {
;__Lib_Delays.c,12 :: 		Delay_us(10);
0x001C	0x0E06      	MOVLW       6
0x001E	0x6E0D      	MOVWF       R13, 0
L_Delay_10us0:
0x0020	0x2E0D      	DECFSZ      R13, 1, 0
0x0022	0xD7FE      	BRA         L_Delay_10us0
0x0024	0x0000      	NOP
;__Lib_Delays.c,13 :: 		}
L_end_Delay_10us:
0x0026	0x0012      	RETURN      0
; end of _Delay_10us
_UART1_Write:
;__Lib_UART_c67d67.c,63 :: 		
;__Lib_UART_c67d67.c,64 :: 		
L_UART1_Write3:
0x0028	0xB2AC      	BTFSC       TXSTA, 1 
0x002A	0xD002      	BRA         L_UART1_Write4
;__Lib_UART_c67d67.c,65 :: 		
0x002C	0x0000      	NOP
0x002E	0xD7FC      	BRA         L_UART1_Write3
L_UART1_Write4:
;__Lib_UART_c67d67.c,66 :: 		
0x0030	0xFFADC031  	MOVFF       FARG_UART1_Write_data_, TXREG
;__Lib_UART_c67d67.c,67 :: 		
L_end_UART1_Write:
0x0034	0x0012      	RETURN      0
; end of _UART1_Write
__Lib_Glcd_Strobe:
;__Lib_Glcd.c,30 :: 		
;__Lib_Glcd.c,31 :: 		
0x0036	0xDFF2      	RCALL       _Delay_10us
;__Lib_Glcd.c,32 :: 		
0x0038	0x8881      	BSF         GLCD_EN, BitPos(GLCD_EN+0) 
;__Lib_Glcd.c,33 :: 		
0x003A	0xDFF0      	RCALL       _Delay_10us
;__Lib_Glcd.c,34 :: 		
0x003C	0x9881      	BCF         GLCD_EN, BitPos(GLCD_EN+0) 
;__Lib_Glcd.c,35 :: 		
L_end_Strobe:
0x003E	0x0012      	RETURN      0
; end of __Lib_Glcd_Strobe
_Glcd_Set_X:
;__Lib_Glcd.c,59 :: 		
;__Lib_Glcd.c,61 :: 		
0x0040	0x0E7F      	MOVLW       127
0x0042	0x142D      	ANDWF       FARG_Glcd_Set_X_x_pos, 0 
0x0044	0x6E00      	MOVWF       R0 
0x0046	0xF02DC000  	MOVFF       R0, FARG_Glcd_Set_X_x_pos
;__Lib_Glcd.c,62 :: 		
0x004A	0x9481      	BCF         GLCD_RS, BitPos(GLCD_RS+0) 
;__Lib_Glcd.c,63 :: 		
0x004C	0x9681      	BCF         GLCD_RW, BitPos(GLCD_RW+0) 
;__Lib_Glcd.c,65 :: 		
0x004E	0x0EBF      	MOVLW       191
0x0050	0x1600      	ANDWF       R0, 1 
0x0052	0xF02DC000  	MOVFF       R0, FARG_Glcd_Set_X_x_pos
;__Lib_Glcd.c,66 :: 		
0x0056	0x8C00      	BSF         R0, 6 
0x0058	0xF02DC000  	MOVFF       R0, FARG_Glcd_Set_X_x_pos
;__Lib_Glcd.c,68 :: 		
0x005C	0xFF83C000  	MOVFF       R0, GLCD_DataPort
;__Lib_Glcd.c,69 :: 		
0x0060	0xDFEA      	RCALL       __Lib_Glcd_Strobe
;__Lib_Glcd.c,70 :: 		
L_end_Glcd_Set_X:
0x0062	0x0012      	RETURN      0
; end of _Glcd_Set_X
_Glcd_Write_Data:
;__Lib_Glcd.c,112 :: 		
;__Lib_Glcd.c,114 :: 		
0x0064	0x9881      	BCF         GLCD_EN, BitPos(GLCD_EN+0) 
;__Lib_Glcd.c,115 :: 		
0x0066	0x8481      	BSF         GLCD_RS, BitPos(GLCD_RS+0) 
;__Lib_Glcd.c,116 :: 		
0x0068	0x9681      	BCF         GLCD_RW, BitPos(GLCD_RW+0) 
;__Lib_Glcd.c,118 :: 		
0x006A	0xFF83C02D  	MOVFF       FARG_Glcd_Write_Data_ddata, GLCD_DataPort
;__Lib_Glcd.c,119 :: 		
0x006E	0xDFE3      	RCALL       __Lib_Glcd_Strobe
;__Lib_Glcd.c,120 :: 		
L_end_Glcd_Write_Data:
0x0070	0x0012      	RETURN      0
; end of _Glcd_Write_Data
_UART1_Write_Text:
;__Lib_UART_c67d67.c,71 :: 		
;__Lib_UART_c67d67.c,72 :: 		
0x0072	0x6A30      	CLRF        UART1_Write_Text_counter_L0 
;__Lib_UART_c67d67.c,74 :: 		
0x0074	0xFFE9C02D  	MOVFF       FARG_UART1_Write_Text_uart_text, FSR0L
0x0078	0xFFEAC02E  	MOVFF       FARG_UART1_Write_Text_uart_text+1, FSR0H
0x007C	0xF02FCFEE  	MOVFF       POSTINC0, UART1_Write_Text_data__L0
;__Lib_UART_c67d67.c,75 :: 		
L_UART1_Write_Text5:
0x0080	0x502F      	MOVF        UART1_Write_Text_data__L0, 0 
0x0082	0x0A00      	XORLW       0
0x0084	0xE00D      	BZ          L_UART1_Write_Text6
;__Lib_UART_c67d67.c,76 :: 		
0x0086	0xF031C02F  	MOVFF       UART1_Write_Text_data__L0, FARG_UART1_Write_data_
0x008A	0xDFCE      	RCALL       _UART1_Write
;__Lib_UART_c67d67.c,77 :: 		
0x008C	0x2A30      	INCF        UART1_Write_Text_counter_L0, 1 
;__Lib_UART_c67d67.c,78 :: 		
0x008E	0x5030      	MOVF        UART1_Write_Text_counter_L0, 0 
0x0090	0x242D      	ADDWF       FARG_UART1_Write_Text_uart_text, 0 
0x0092	0x6EE9      	MOVWF       FSR0L 
0x0094	0x0E00      	MOVLW       0
0x0096	0x202E      	ADDWFC      FARG_UART1_Write_Text_uart_text+1, 0 
0x0098	0x6EEA      	MOVWF       FSR0H 
0x009A	0xF02FCFEE  	MOVFF       POSTINC0, UART1_Write_Text_data__L0
;__Lib_UART_c67d67.c,79 :: 		
0x009E	0xD7F0      	BRA         L_UART1_Write_Text5
L_UART1_Write_Text6:
;__Lib_UART_c67d67.c,80 :: 		
L_end_UART1_Write_Text:
0x00A0	0x0012      	RETURN      0
; end of _UART1_Write_Text
_Glcd_Set_Side:
;__Lib_Glcd.c,47 :: 		
;__Lib_Glcd.c,48 :: 		
0x00A2	0x0E7F      	MOVLW       127
0x00A4	0x142D      	ANDWF       FARG_Glcd_Set_Side_x_pos, 0 
0x00A6	0x6E01      	MOVWF       R1 
0x00A8	0xF02DC001  	MOVFF       R1, FARG_Glcd_Set_Side_x_pos
;__Lib_Glcd.c,49 :: 		
0x00AC	0xAC01      	BTFSS       R1, 6 
0x00AE	0xD003      	BRA         L_Glcd_Set_Side0
;__Lib_Glcd.c,50 :: 		
0x00B0	0x8081      	BSF         GLCD_CS1, BitPos(GLCD_CS1+0) 
;__Lib_Glcd.c,51 :: 		
0x00B2	0x9281      	BCF         GLCD_CS2, BitPos(GLCD_CS2+0) 
;__Lib_Glcd.c,52 :: 		
0x00B4	0xD002      	BRA         L_Glcd_Set_Side1
L_Glcd_Set_Side0:
;__Lib_Glcd.c,53 :: 		
0x00B6	0x9081      	BCF         GLCD_CS1, BitPos(GLCD_CS1+0) 
;__Lib_Glcd.c,54 :: 		
0x00B8	0x8281      	BSF         GLCD_CS2, BitPos(GLCD_CS2+0) 
;__Lib_Glcd.c,55 :: 		
L_Glcd_Set_Side1:
;__Lib_Glcd.c,56 :: 		
L_end_Glcd_Set_Side:
0x00BA	0x0012      	RETURN      0
; end of _Glcd_Set_Side
_Glcd_Set_Page:
;__Lib_Glcd.c,38 :: 		
;__Lib_Glcd.c,40 :: 		
0x00BC	0x9481      	BCF         GLCD_RS, BitPos(GLCD_RS+0) 
;__Lib_Glcd.c,41 :: 		
0x00BE	0x9681      	BCF         GLCD_RW, BitPos(GLCD_RW+0) 
;__Lib_Glcd.c,42 :: 		
0x00C0	0x0EB8      	MOVLW       184
0x00C2	0x102D      	IORWF       FARG_Glcd_Set_Page_page, 0 
0x00C4	0x6E83      	MOVWF       GLCD_DataPort 
;__Lib_Glcd.c,43 :: 		
0x00C6	0xDFB7      	RCALL       __Lib_Glcd_Strobe
;__Lib_Glcd.c,44 :: 		
L_end_Glcd_Set_Page:
0x00C8	0x0012      	RETURN      0
; end of _Glcd_Set_Page
_UART1_Init:
;__Lib_UART_c67d67.c,20 :: 		
;__Lib_UART_c67d67.c,23 :: 		
0x00CA	0x0E28      	MOVLW       _UART1_Write
0x00CC	0x6E26      	MOVWF       _UART_Wr_Ptr 
0x00CE	0x0E00      	MOVLW       hi_addr(_UART1_Write)
0x00D0	0x6E27      	MOVWF       _UART_Wr_Ptr+1 
0x00D2	0x0E31      	MOVLW       FARG_UART1_Write_data_
0x00D4	0x6E28      	MOVWF       _UART_Wr_Ptr+2 
0x00D6	0x0E00      	MOVLW       hi_addr(FARG_UART1_Write_data_)
0x00D8	0x6E29      	MOVWF       _UART_Wr_Ptr+3 
;__Lib_UART_c67d67.c,24 :: 		
0x00DA	0x0E5E      	MOVLW       _UART1_Read
0x00DC	0x6E1A      	MOVWF       _UART_Rd_Ptr 
0x00DE	0x0E01      	MOVLW       hi_addr(_UART1_Read)
0x00E0	0x6E1B      	MOVWF       _UART_Rd_Ptr+1 
0x00E2	0x0E00      	MOVLW       0
0x00E4	0x6E1C      	MOVWF       _UART_Rd_Ptr+2 
0x00E6	0x0E00      	MOVLW       0
0x00E8	0x6E1D      	MOVWF       _UART_Rd_Ptr+3 
;__Lib_UART_c67d67.c,25 :: 		
0x00EA	0x0EFF      	MOVLW       _UART1_Data_Ready
0x00EC	0x6E1E      	MOVWF       _UART_Rdy_Ptr 
0x00EE	0x0EFF      	MOVLW       hi_addr(_UART1_Data_Ready)
0x00F0	0x6E1F      	MOVWF       _UART_Rdy_Ptr+1 
0x00F2	0x0E00      	MOVLW       0
0x00F4	0x6E20      	MOVWF       _UART_Rdy_Ptr+2 
0x00F6	0x0E00      	MOVLW       0
0x00F8	0x6E21      	MOVWF       _UART_Rdy_Ptr+3 
;__Lib_UART_c67d67.c,26 :: 		
0x00FA	0x0EFF      	MOVLW       _UART1_Tx_Idle
0x00FC	0x6E22      	MOVWF       _UART_Tx_Idle_Ptr 
0x00FE	0x0EFF      	MOVLW       hi_addr(_UART1_Tx_Idle)
0x0100	0x6E23      	MOVWF       _UART_Tx_Idle_Ptr+1 
0x0102	0x0E00      	MOVLW       0
0x0104	0x6E24      	MOVWF       _UART_Tx_Idle_Ptr+2 
0x0106	0x0E00      	MOVLW       0
0x0108	0x6E25      	MOVWF       _UART_Tx_Idle_Ptr+3 
;__Lib_UART_c67d67.c,28 :: 		
0x010A	0x8AAC      	BSF         TXSTA, 5 
;__Lib_UART_c67d67.c,29 :: 		
0x010C	0x0E90      	MOVLW       144
0x010E	0x6EAB      	MOVWF       RCSTA 
;__Lib_UART_c67d67.c,30 :: 		
0x0110	0x8E94      	BSF         TRISC7_bit, BitPos(TRISC7_bit+0) 
;__Lib_UART_c67d67.c,31 :: 		
0x0112	0x9C94      	BCF         TRISC6_bit, BitPos(TRISC6_bit+0) 
;__Lib_UART_c67d67.c,33 :: 		
L_UART1_Init0:
0x0114	0xAA9E      	BTFSS       PIR1, 5 
0x0116	0xD003      	BRA         L_UART1_Init1
;__Lib_UART_c67d67.c,34 :: 		
0x0118	0xF000CFAE  	MOVFF       RCREG, R0
0x011C	0xD7FB      	BRA         L_UART1_Init0
L_UART1_Init1:
;__Lib_UART_c67d67.c,35 :: 		
L_end_UART1_Init:
0x011E	0x0012      	RETURN      0
; end of _UART1_Init
_Glcd_Init:
;__Lib_Glcd.c,145 :: 		
;__Lib_Glcd.c,146 :: 		
0x0120	0x6A2C      	CLRF        __Lib_Glcd_FontInitialized 
;__Lib_Glcd.c,147 :: 		
0x0122	0x6A2A      	CLRF        __Lib_Glcd_ExternalFontSet 
0x0124	0x6A2B      	CLRF        __Lib_Glcd_ExternalFontSet+1 
;__Lib_Glcd.c,149 :: 		
0x0126	0x9A93      	BCF         GLCD_RST_Direction, BitPos(GLCD_RST_Direction+0) 
;__Lib_Glcd.c,150 :: 		
0x0128	0x9893      	BCF         GLCD_EN_Direction, BitPos(GLCD_EN_Direction+0) 
;__Lib_Glcd.c,151 :: 		
0x012A	0x9493      	BCF         GLCD_RS_Direction, BitPos(GLCD_RS_Direction+0) 
;__Lib_Glcd.c,152 :: 		
0x012C	0x9693      	BCF         GLCD_RW_Direction, BitPos(GLCD_RW_Direction+0) 
;__Lib_Glcd.c,153 :: 		
0x012E	0x9093      	BCF         GLCD_CS1_Direction, BitPos(GLCD_CS1_Direction+0) 
;__Lib_Glcd.c,154 :: 		
0x0130	0x9293      	BCF         GLCD_CS2_Direction, BitPos(GLCD_CS2_Direction+0) 
;__Lib_Glcd.c,156 :: 		
0x0132	0x9A81      	BCF         GLCD_RST, BitPos(GLCD_RST+0) 
;__Lib_Glcd.c,161 :: 		
0x0134	0x6A95      	CLRF        GLCD_DataPort+18 
;__Lib_Glcd.c,171 :: 		
0x0136	0x9481      	BCF         GLCD_RS, BitPos(GLCD_RS+0) 
;__Lib_Glcd.c,172 :: 		
0x0138	0x9681      	BCF         GLCD_RW, BitPos(GLCD_RW+0) 
;__Lib_Glcd.c,174 :: 		
0x013A	0x9081      	BCF         GLCD_CS1, BitPos(GLCD_CS1+0) 
;__Lib_Glcd.c,175 :: 		
0x013C	0x8281      	BSF         GLCD_CS2, BitPos(GLCD_CS2+0) 
;__Lib_Glcd.c,177 :: 		
0x013E	0x8A81      	BSF         GLCD_RST, BitPos(GLCD_RST+0) 
;__Lib_Glcd.c,184 :: 		
0x0140	0x0E3F      	MOVLW       63
0x0142	0x6E83      	MOVWF       GLCD_DataPort 
;__Lib_Glcd.c,185 :: 		
0x0144	0xDF78      	RCALL       __Lib_Glcd_Strobe
;__Lib_Glcd.c,187 :: 		
0x0146	0x0EC0      	MOVLW       192
0x0148	0x6E83      	MOVWF       GLCD_DataPort 
;__Lib_Glcd.c,188 :: 		
0x014A	0xDF75      	RCALL       __Lib_Glcd_Strobe
;__Lib_Glcd.c,190 :: 		
0x014C	0x8081      	BSF         GLCD_CS1, BitPos(GLCD_CS1+0) 
;__Lib_Glcd.c,191 :: 		
0x014E	0x9281      	BCF         GLCD_CS2, BitPos(GLCD_CS2+0) 
;__Lib_Glcd.c,193 :: 		
0x0150	0x0E3F      	MOVLW       63
0x0152	0x6E83      	MOVWF       GLCD_DataPort 
;__Lib_Glcd.c,194 :: 		
0x0154	0xDF70      	RCALL       __Lib_Glcd_Strobe
;__Lib_Glcd.c,196 :: 		
0x0156	0x0EC0      	MOVLW       192
0x0158	0x6E83      	MOVWF       GLCD_DataPort 
;__Lib_Glcd.c,197 :: 		
0x015A	0xDF6D      	RCALL       __Lib_Glcd_Strobe
;__Lib_Glcd.c,199 :: 		
L_end_Glcd_Init:
0x015C	0x0012      	RETURN      0
; end of _Glcd_Init
_UART1_Read:
;__Lib_UART_c67d67.c,44 :: 		
;__Lib_UART_c67d67.c,47 :: 		
0x015E	0xF001CFAE  	MOVFF       RCREG, R1
;__Lib_UART_c67d67.c,48 :: 		
0x0162	0xA2AB      	BTFSS       RCSTA, 1 
0x0164	0xD002      	BRA         L_UART1_Read2
;__Lib_UART_c67d67.c,49 :: 		
0x0166	0x98AB      	BCF         RCSTA, 4 
;__Lib_UART_c67d67.c,50 :: 		
0x0168	0x88AB      	BSF         RCSTA, 4 
;__Lib_UART_c67d67.c,51 :: 		
L_UART1_Read2:
;__Lib_UART_c67d67.c,52 :: 		
0x016A	0xF000C001  	MOVFF       R1, R0
;__Lib_UART_c67d67.c,53 :: 		
L_end_UART1_Read:
0x016E	0x0012      	RETURN      0
; end of _UART1_Read
___CC2DW:
;__Lib_System.c,21 :: 		
;__Lib_System.c,23 :: 		
_CC2DL_Loop1:
;__Lib_System.c,24 :: 		
0x0170	0x0009      	TBLRD*+
;__Lib_System.c,25 :: 		
0x0172	0xFFE6CFF5  	MOVFF       TABLAT, POSTINC1
;__Lib_System.c,26 :: 		
0x0176	0x0600      	DECF        R0, 1, 0
;__Lib_System.c,27 :: 		
0x0178	0xE1FB      	BNZ         _CC2DL_Loop1
;__Lib_System.c,28 :: 		
0x017A	0x0601      	DECF        R1, 1, 0
;__Lib_System.c,29 :: 		
0x017C	0xE1F9      	BNZ         _CC2DL_Loop1
;__Lib_System.c,31 :: 		
L_end___CC2DW:
0x017E	0x0012      	RETURN      0
; end of ___CC2DW
_main:
0x0180	0x0E4F      	MOVLW       79
0x0182	0x6E15      	MOVWF       _data_ 
0x0184	0x0E4B      	MOVLW       75
0x0186	0x6E16      	MOVWF       22 
0x0188	0x0E0D      	MOVLW       13
0x018A	0x6E17      	MOVWF       23 
0x018C	0x0E0A      	MOVLW       10
0x018E	0x6E18      	MOVWF       24 
0x0190	0x6A19      	CLRF        25 
;UARTx_Init.c,55 :: 		void main() {
;UARTx_Init.c,56 :: 		UART1_Init(115200);
0x0192	0x86B8      	BSF         BAUDCON, 3, 0
0x0194	0x6AB0      	CLRF        SPBRGH 
0x0196	0x0E10      	MOVLW       16
0x0198	0x6EAF      	MOVWF       SPBRG 
0x019A	0x84AC      	BSF         TXSTA, 2, 0
0x019C	0xDF96      	RCALL       _UART1_Init
;UARTx_Init.c,57 :: 		Glcd_Init();
0x019E	0xDFC0      	RCALL       _Glcd_Init
;UARTx_Init.c,58 :: 		Glcd_Set_Page(0);
0x01A0	0x6A2D      	CLRF        FARG_Glcd_Set_Page_page 
0x01A2	0xDF8C      	RCALL       _Glcd_Set_Page
;UARTx_Init.c,59 :: 		Glcd_Set_Side(0);
0x01A4	0x6A2D      	CLRF        FARG_Glcd_Set_Side_x_pos 
0x01A6	0xDF7D      	RCALL       _Glcd_Set_Side
;UARTx_Init.c,60 :: 		Glcd_Set_X(0);
0x01A8	0x6A2D      	CLRF        FARG_Glcd_Set_X_x_pos 
0x01AA	0xDF4A      	RCALL       _Glcd_Set_X
;UARTx_Init.c,61 :: 		UART1_Write_Text(&data_);
0x01AC	0x0E15      	MOVLW       _data_
0x01AE	0x6E2D      	MOVWF       FARG_UART1_Write_Text_uart_text 
0x01B0	0x0E00      	MOVLW       hi_addr(_data_)
0x01B2	0x6E2E      	MOVWF       FARG_UART1_Write_Text_uart_text+1 
0x01B4	0xDF5E      	RCALL       _UART1_Write_Text
;UARTx_Init.c,63 :: 		Glcd_Write_Data(UART1_Read());
0x01B6	0xDFD3      	RCALL       _UART1_Read
0x01B8	0xF02DC000  	MOVFF       R0, FARG_Glcd_Write_Data_ddata
0x01BC	0xDF53      	RCALL       _Glcd_Write_Data
;UARTx_Init.c,65 :: 		}
L_end_main:
0x01BE	0xD7FF      	BRA         $+0
; end of _main
Symbol List:
//** Routines locations **
//ADDRESS    SIZE    PROCEDURE
//----------------------------------------------
0x001C      [12]    _Delay_10us
0x0028      [14]    _UART1_Write
0x0036      [10]    __Lib_Glcd_Strobe
0x0040      [36]    _Glcd_Set_X
0x0064      [14]    _Glcd_Write_Data
0x0072      [48]    _UART1_Write_Text
0x00A2      [26]    _Glcd_Set_Side
0x00BC      [14]    _Glcd_Set_Page
0x00CA      [86]    _UART1_Init
0x0120      [62]    _Glcd_Init
0x015E      [18]    _UART1_Read
0x0170      [16]    ___CC2DW
0x0180      [64]    _main
//** Variables locations ** 
//ADDRESS    SIZE    VARIABLE
//----------------------------------------------
0x0000       [1]    UART1_Init_tmp_L0
0x0000       [1]    R0
0x0000       [1]    UART2_Init_tmp_L0
0x0001       [1]    R1
0x0001       [1]    UART2_Read___tmp_UART2_Read_L0
0x0001       [1]    UART1_Read___tmp_UART1_Read_L0
0x0002       [1]    R2
0x0003       [1]    R3
0x0004       [1]    R4
0x0005       [1]    R5
0x0006       [1]    R6
0x0007       [1]    R7
0x0008       [1]    R8
0x0009       [1]    R9
0x000A       [1]    R10
0x000B       [1]    R11
0x000C       [1]    R12
0x000D       [1]    R13
0x000E       [1]    R14
0x000F       [1]    R15
0x0010       [1]    R16
0x0011       [1]    R17
0x0012       [1]    R18
0x0013       [1]    R19
0x0014       [1]    R20
0x0015       [5]    _data_
0x001A       [4]    _UART_Rd_Ptr
0x001E       [4]    _UART_Rdy_Ptr
0x0022       [4]    _UART_Tx_Idle_Ptr
0x0026       [4]    _UART_Wr_Ptr
0x002A       [2]    __Lib_Glcd_ExternalFontSet
0x002C       [1]    __Lib_Glcd_FontInitialized
0x002D       [2]    FARG_UART1_Write_Text_uart_text
0x002D       [1]    FARG_Glcd_Set_Side_x_pos
0x002D       [1]    FARG_Glcd_Write_Data_ddata
0x002D       [1]    FARG_Glcd_Set_Page_page
0x002D       [1]    FARG_Glcd_Set_X_x_pos
0x002F       [1]    UART1_Write_Text_data__L0
0x0030       [1]    UART1_Write_Text_counter_L0
0x0031       [1]    FARG_UART1_Write_data_
0x0F81       [0]    RB5_bit
0x0F81       [0]    RB4_bit
0x0F81       [0]    RB0_bit
0x0F81       [0]    RB2_bit
0x0F81       [0]    RB3_bit
0x0F81       [0]    RB1_bit
0x0F81       [0]    GLCD_RS
0x0F81       [0]    GLCD_RW
0x0F81       [0]    GLCD_CS2
0x0F81       [0]    GLCD_CS1
0x0F81       [0]    GLCD_EN
0x0F81       [0]    GLCD_RST
0x0F83       [1]    PORTD
0x0F83       [1]    GLCD_DataPort
0x0F93       [0]    GLCD_CS2_Direction
0x0F93       [0]    TRISB4_bit
0x0F93       [0]    TRISB3_bit
0x0F93       [0]    GLCD_RW_Direction
0x0F93       [0]    GLCD_RS_Direction
0x0F93       [0]    TRISB5_bit
0x0F93       [0]    GLCD_CS1_Direction
0x0F93       [0]    TRISB0_bit
0x0F93       [0]    TRISB1_bit
0x0F93       [0]    GLCD_RST_Direction
0x0F93       [0]    TRISB2_bit
0x0F93       [0]    GLCD_EN_Direction
0x0F94       [0]    TRISC6_bit
0x0F94       [0]    TRISC7_bit
0x0F9E       [1]    PIR1
0x0FAB       [1]    RCSTA
0x0FAC       [1]    TXSTA
0x0FAD       [1]    TXREG
0x0FAE       [1]    RCREG
0x0FAF       [1]    SPBRG
0x0FB0       [1]    SPBRGH
0x0FB8       [1]    BAUDCON
0x0FD8       [1]    STATUS
0x0FD9       [1]    FSR2L
0x0FDA       [1]    FSR2H
0x0FDE       [1]    POSTINC2
0x0FE0       [1]    BSR
0x0FE1       [1]    FSR1L
0x0FE2       [1]    FSR1H
0x0FE4       [1]    PREINC1
0x0FE6       [1]    POSTINC1
0x0FE7       [1]    INDF1
0x0FE8       [1]    WREG
0x0FE9       [1]    FSR0L
0x0FEA       [1]    FSR0H
0x0FEE       [1]    POSTINC0
0x0FF3       [1]    PRODL
0x0FF4       [1]    PRODH
0x0FF5       [1]    TABLAT
0x0FF6       [1]    TBLPTRL
0x0FF7       [1]    TBLPTRH
0x0FF8       [1]    TBLPTRU
//** Label List: ** 
//----------------------------------------------
  L_end__Glcd_Strobe
  __Glcd_Strobe
  L_end__Glcd_Init
  __Glcd_Init
  L_end_main
  _main
  L_Delay_10us0
  L_Delay_22us1
  L_Delay_50us2
  L_Delay_80us3
  L_Delay_500us4
  L_Delay_5500us5
  L_Delay_1ms6
  L_Delay_5ms7
  L_Delay_8ms8
  L_Delay_100ms9
  L_Delay_10ms10
  L_Delay_1sec11
  L____Boot_Delay4k12
  L____Boot_Delay8k13
  L____Boot_Delay12k14
  L____Boot_Delay16k15
  L____Boot_Delay24k16
  L____Boot_Delay32k17
  L____Boot_Delay48k18
  L____Boot_Delay64k19
  L____Boot_Delay128k20
  L_Delay_Cyc21
  L_Delay_Cyc22
  L_VDelay_ms23
  L_VDelay_ms24
  L_VDelay_ms25
  L_VDelay_Advanced_ms26
  L_VDelay_Advanced_ms27
  L_VDelay_Advanced_ms28
  L_end_Get_Fosc_kHz
  _Get_Fosc_kHz
  L_end_Delay_1us
  _Delay_1us
  L_end_Delay_10us
  _Delay_10us
  L_end_Delay_22us
  _Delay_22us
  L_end_Delay_50us
  _Delay_50us
  L_end_Delay_80us
  _Delay_80us
  L_end_Delay_500us
  _Delay_500us
  L_end_Delay_5500us
  _Delay_5500us
  L_end_Delay_1ms
  _Delay_1ms
  L_end_Delay_5ms
  _Delay_5ms
  L_end_Delay_8ms
  _Delay_8ms
  L_end_Delay_100ms
  _Delay_100ms
  L_end_Delay_10ms
  _Delay_10ms
  L_end_Delay_1sec
  _Delay_1sec
  L_end____Boot_Delay4k
  ____Boot_Delay4k
  L_end____Boot_Delay8k
  ____Boot_Delay8k
  L_end____Boot_Delay12k
  ____Boot_Delay12k
  L_end____Boot_Delay16k
  ____Boot_Delay16k
  L_end____Boot_Delay24k
  ____Boot_Delay24k
  L_end____Boot_Delay32k
  ____Boot_Delay32k
  L_end____Boot_Delay48k
  ____Boot_Delay48k
  L_end____Boot_Delay64k
  ____Boot_Delay64k
  L_end____Boot_Delay128k
  ____Boot_Delay128k
  L_end_Delay_Cyc
  _Delay_Cyc
  L_end_VDelay_ms
  _VDelay_ms
  L__VDelay_ms54
  L__VDelay_ms55
  L__VDelay_ms56
  L_end_VDelay_Advanced_ms
  _VDelay_Advanced_ms
  L__VDelay_Advanced_ms58
  L__VDelay_Advanced_ms59
  L__VDelay_Advanced_ms60
  L_Glcd_Set_Side0
  L_Glcd_Set_Side1
  L_Glcd_Fill2
  L_Glcd_Fill3
  L_Glcd_Fill4
  L_Glcd_Fill5
  L_Glcd_Fill6
  L_Glcd_Fill7
  L_Glcd_Fill8
  L_Glcd_Fill9
  L_Glcd_Fill10
  L_Glcd_Fill11
  L_Glcd_Fill12
  L_Glcd_Fill13
  L_Glcd_Write_Char14
  L_Glcd_Write_Char15
  L_Glcd_Write_Char16
  L_Glcd_Write_Char17
  L_Glcd_Write_Char18
  L_Glcd_Write_Char19
  L_Glcd_Write_Char20
  L_Glcd_Write_Char21
  L_Glcd_Write_Char22
  L_Glcd_Write_Char23
  L_Glcd_Write_Char24
  L_Glcd_Write_Char25
  L_Glcd_Write_Char26
  L_Glcd_Write_Char27
  L_Glcd_Write_Text28
  L_Glcd_Write_Text29
  L_Glcd_Write_Text30
  L_Glcd_Write_Const_Text31
  L_Glcd_Write_Const_Text32
  L_Glcd_Write_Const_Text33
  L_Glcd_Dot34
  L_Glcd_Dot35
  L_Glcd_Dot36
  L_Glcd_Dot37
  L_Glcd_Dot38
  L_Glcd_Dot39
  L_Glcd_Dot40
  L_Glcd_Dot41
  L_Glcd_Line42
  L_Glcd_Line43
  L_Glcd_Line44
  L_Glcd_Line45
  L_Glcd_Line46
  L_Glcd_Line47
  L_Glcd_Line48
  L_Glcd_Line49
  L_Glcd_Line50
  L_Glcd_Line51
  L_Glcd_Line52
  L_Glcd_Line53
  L_Glcd_Line54
  L_Glcd_Line55
  L_Glcd_Line56
  L_Glcd_Line57
  L_Glcd_Line58
  L_Glcd_Line59
  L_Glcd_Line60
  L_Glcd_Line61
  L_Glcd_H_Line62
  L_Glcd_H_Line63
  L_Glcd_H_Line64
  L_Glcd_H_Line65
  L_Glcd_H_Line66
  L_Glcd_H_Line67
  L_Glcd_H_Line68
  L_Glcd_H_Line69
  L_Glcd_H_Line70
  L_Glcd_H_Line71
  L_Glcd_V_Line72
  L_Glcd_V_Line73
  L_Glcd_V_Line74
  L_Glcd_V_Line75
  L_Glcd_V_Line76
  L_Glcd_V_Line77
  L_Glcd_V_Line78
  L_Glcd_V_Line79
  L_Glcd_V_Line80
  L_Glcd_V_Line81
  L_Glcd_Circle82
  L_Glcd_Circle83
  L_Glcd_Circle84
  L_Glcd_Circle85
  L_Glcd_Circle86
  L_Glcd_Circle87
  L_Glcd_Circle88
  L_Glcd_Circle89
  L_Glcd_Circle_Fill90
  L_Glcd_Circle_Fill91
  L_Glcd_Circle_Fill92
  L_Glcd_Circle_Fill93
  L_Glcd_Circle_Fill94
  L_Glcd_Circle_Fill95
  L_Glcd_Circle_Fill96
  L_Glcd_Circle_Fill97
  L_Glcd_Circle_Fill98
  L_Glcd_Circle_Fill99
  L_Glcd_Image100
  L_Glcd_Image101
  L_Glcd_Image102
  L_Glcd_Image103
  L_Glcd_Image104
  L_Glcd_Image105
  L_Glcd_Image106
  L_Glcd_Image107
  L_Glcd_Rectangle_Round_Edges108
  L_Glcd_Rectangle_Round_Edges109
  L_Glcd_Rectangle_Round_Edges110
  L_Glcd_Rectangle_Round_Edges111
  L_Glcd_Rectangle_Round_Edges112
  L_Glcd_Rectangle_Round_Edges113
  L_Glcd_Rectangle_Round_Edges114
  L_Glcd_Rectangle_Round_Edges115
  L_Glcd_Rectangle_Round_Edges116
  L_Glcd_Rectangle_Round_Edges117
  L_Glcd_Rectangle_Round_Edges118
  L_Glcd_Rectangle_Round_Edges119
  L_Glcd_Rectangle_Round_Edges120
  L_Glcd_Box121
  L_Glcd_Box122
  L_Glcd_Box123
  L_Glcd_Rectangle_Round_Edges_Fill124
  L_Glcd_Rectangle_Round_Edges_Fill125
  L_Glcd_Rectangle_Round_Edges_Fill126
  L_Glcd_Rectangle_Round_Edges_Fill127
  L_Glcd_Rectangle_Round_Edges_Fill128
  L_Glcd_Rectangle_Round_Edges_Fill129
  L_Glcd_Rectangle_Round_Edges_Fill130
  L_Glcd_Rectangle_Round_Edges_Fill131
  L_Glcd_Rectangle_Round_Edges_Fill132
  L_Glcd_Rectangle_Round_Edges_Fill133
  L_Glcd_Rectangle_Round_Edges_Fill134
  L_Glcd_Rectangle_Round_Edges_Fill135
  L_Glcd_Rectangle_Round_Edges_Fill136
  L_Glcd_Rectangle_Round_Edges_Fill137
  L_Glcd_PartialImage138
  L_Glcd_PartialImage139
  L_Glcd_PartialImage140
  L_Glcd_PartialImage141
  L_Glcd_PartialImage142
  L_Glcd_PartialImage143
  L_Glcd_PartialImage144
  L_Glcd_PartialImage145
  L_Glcd_PartialImage146
  L_Glcd_PartialImage147
  L_Glcd_PartialImage148
  L_Glcd_PartialImage149
  L_Glcd_PartialImage150
  L_Glcd_PartialImage151
  L_Glcd_PartialImage152
  L_Glcd_PartialImage153
  L_Glcd_PartialImage154
  L_Glcd_PartialImage155
  L_Glcd_PartialImage156
  L_Glcd_PartialImage157
  L_Glcd_PartialImage158
  L_Glcd_PartialImage159
  L_Glcd_PartialImage160
  L_Glcd_PartialImage161
  L_Glcd_PartialImage162
  L_Glcd_PartialImage163
  L_Glcd_PartialImage164
  L_Glcd_PartialImage165
  L_Glcd_PartialImage166
  L___Lib_Glcd__Glcd_getHeader167
  L___Lib_Glcd__Glcd_getHeader168
  L___Lib_Glcd__Glcd_getHeader169
  L___Lib_Glcd__Glcd_getHeader170
  L___Lib_Glcd__Glcd_getHeader171
  L___Lib_Glcd__Glcd_Write_Char_AdvE172
  L___Lib_Glcd__Glcd_Write_Char_AdvE173
  L___Lib_Glcd__Glcd_Write_Char_AdvE174
  L___Lib_Glcd__Glcd_Write_Char_AdvE175
  L___Lib_Glcd__Glcd_Write_Char_AdvE176
  L___Lib_Glcd__Glcd_Write_Char_AdvE177
  L___Lib_Glcd__Glcd_Write_Char_AdvE178
  L___Lib_Glcd__Glcd_Write_Char_AdvE179
  L___Lib_Glcd__Glcd_Write_Char_AdvE180
  L___Lib_Glcd__Glcd_Write_Char_AdvE181
  L___Lib_Glcd__Glcd_Write_Char_AdvE182
  L___Lib_Glcd__Glcd_Write_Char_AdvE183
  L___Lib_Glcd__Glcd_Write_Char_AdvE184
  L___Lib_Glcd__Glcd_Write_Char_AdvE185
  L___Lib_Glcd__Glcd_Write_Char_AdvE186
  L___Lib_Glcd__Glcd_Write_Char_AdvE187
  L___Lib_Glcd__Glcd_Write_Char_AdvE188
  L___Lib_Glcd__Glcd_Write_Char_AdvE189
  L___Lib_Glcd__Glcd_Write_Char_AdvE190
  L___Lib_Glcd__Glcd_Write_Char_AdvE191
  L___Lib_Glcd__Glcd_Write_Char_AdvE192
  L___Lib_Glcd__Glcd_Write_Char_AdvE193
  L___Lib_Glcd__Glcd_Write_Char_AdvE194
  L___Lib_Glcd__Glcd_Write_Char_AdvE195
  L___Lib_Glcd__Glcd_Write_Char_AdvE196
  L___Lib_Glcd__Glcd_Write_Char_Adv197
  L___Lib_Glcd__Glcd_Write_Char_Adv198
  L___Lib_Glcd__Glcd_Write_Char_Adv199
  L___Lib_Glcd__Glcd_Write_Char_Adv200
  L___Lib_Glcd__Glcd_Write_Char_Adv201
  L___Lib_Glcd__Glcd_Write_Char_Adv202
  L___Lib_Glcd__Glcd_Write_Char_Adv203
  L___Lib_Glcd__Glcd_Write_Char_Adv204
  L___Lib_Glcd__Glcd_Write_Char_Adv205
  L___Lib_Glcd__Glcd_Write_Char_Adv206
  L___Lib_Glcd__Glcd_Write_Char_Adv207
  L___Lib_Glcd__Glcd_Write_Char_Adv208
  L___Lib_Glcd__Glcd_Write_Char_Adv209
  L___Lib_Glcd__Glcd_Write_Char_Adv210
  L___Lib_Glcd__Glcd_Write_Char_Adv211
  L___Lib_Glcd__Glcd_Write_Char_Adv212
  L___Lib_Glcd__Glcd_Write_Char_Adv213
  L___Lib_Glcd__Glcd_Write_Char_Adv214
  L___Lib_Glcd__Glcd_Write_Char_Adv215
  L___Lib_Glcd__Glcd_Write_Char_Adv216
  L___Lib_Glcd__Glcd_Write_Char_Adv217
  L___Lib_Glcd__Glcd_Write_Char_Return_Pos218
  L___Lib_Glcd__Glcd_Write_Char_Return_Pos219
  L___Lib_Glcd__Glcd_Write_Char_Return_Pos220
  L___Lib_Glcd__Glcd_Write_Char_Return_PosE221
  L___Lib_Glcd__Glcd_Write_Char_Return_PosE222
  L_Glcd_Write_Text_Return_Pos223
  L_Glcd_Write_Text_Return_Pos224
  L_Glcd_Write_Text_Return_Pos225
  L_Glcd_Write_Text_Return_Pos226
  L_Glcd_Write_Text_Return_Pos227
  L_Glcd_Write_Text_Return_Pos228
  L_Glcd_Write_Const_Text_Return_Pos229
  L_Glcd_Write_Const_Text_Return_Pos230
  L_Glcd_Write_Const_Text_Return_Pos231
  L_Glcd_Write_Const_Text_Return_Pos232
  L_Glcd_Write_Const_Text_Return_Pos233
  L_Glcd_Write_Const_Text_Return_Pos234
  L_Glcd_Write_Char_Adv235
  L_Glcd_Write_Char_Adv236
  L_Glcd_Write_Char_Adv237
  L_Glcd_Write_Char_Adv238
  L_Glcd_Write_Text_Adv239
  L_Glcd_Write_Text_Adv240
  L_Glcd_Write_Text_Adv241
  L_Glcd_Write_Text_Adv242
  L_Glcd_Write_Text_Adv243
  L_Glcd_Write_Text_Adv244
  L_Glcd_Write_Const_Text_Adv245
  L_Glcd_Write_Const_Text_Adv246
  L_Glcd_Write_Const_Text_Adv247
  L_Glcd_Write_Const_Text_Adv248
  L_Glcd_Write_Const_Text_Adv249
  L_Glcd_Write_Const_Text_Adv250
  L_Glcd_Ext_Image251
  L_Glcd_Ext_Image252
  L_Glcd_Ext_Image253
  L_Glcd_Ext_Image254
  L_Glcd_Ext_Image255
  L_Glcd_Ext_Image256
  L_Glcd_Ext_Image257
  L_Glcd_Ext_Image258
  L_Glcd_Ext_Image259
  L_Glcd_Ext_Image260
  L_Glcd_Ext_PartialImage261
  L_Glcd_Ext_PartialImage262
  L_Glcd_Ext_PartialImage263
  L_Glcd_Ext_PartialImage264
  L_Glcd_Ext_PartialImage265
  L_Glcd_Ext_PartialImage266
  L_Glcd_Ext_PartialImage267
  L_Glcd_Ext_PartialImage268
  L_Glcd_Ext_PartialImage269
  L_Glcd_Ext_PartialImage270
  L_Glcd_Ext_PartialImage271
  L_Glcd_Ext_PartialImage272
  L_Glcd_Ext_PartialImage273
  L_Glcd_Ext_PartialImage274
  L_Glcd_Ext_PartialImage275
  L_Glcd_Ext_PartialImage276
  L_Glcd_Ext_PartialImage277
  L_Glcd_Ext_PartialImage278
  L_Glcd_Ext_PartialImage279
  L_Glcd_Ext_PartialImage280
  L_Glcd_Ext_PartialImage281
  L_Glcd_Ext_PartialImage282
  L_Glcd_Ext_PartialImage283
  L_Glcd_Ext_PartialImage284
  L_Glcd_Ext_PartialImage285
  L_Glcd_Ext_PartialImage286
  L_Glcd_Ext_PartialImage287
  L_Glcd_Ext_PartialImage288
  L_Glcd_Ext_PartialImage289
  L_Glcd_Ext_PartialImage290
  L_Glcd_Ext_PartialImage291
  L_Glcd_Ext_PartialImage292
  L_Glcd_Ext_PartialImage293
  L_Glcd_Ext_PartialImage294
  L_Glcd_Ext_PartialImage295
  L_Glcd_Ext_PartialImage296
  L_Glcd_Ext_PartialImage297
  L_Glcd_Ext_PartialImage298
  L__Glcd_Dot299
  L__Glcd_H_Line300
  L__Glcd_V_Line301
  L__Glcd_PartialImage302
  L__Glcd_PartialImage303
  L__Glcd_PartialImage304
  L__Glcd_Ext_PartialImage305
  L__Glcd_Ext_PartialImage306
  L__Glcd_Ext_PartialImage307
  L__Glcd_Ext_PartialImage308
  L__Glcd_Ext_PartialImage309
  L__Glcd_Ext_PartialImage310
  L_end_Strobe
  __Lib_Glcd_Strobe
  L_end_Glcd_Set_Page
  _Glcd_Set_Page
  L_end_Glcd_Set_Side
  _Glcd_Set_Side
  L_end_Glcd_Set_X
  _Glcd_Set_X
  L_end_Glcd_Read_Data
  _Glcd_Read_Data
  L_end_Glcd_Write_Data
  _Glcd_Write_Data
  L_end_Glcd_Fill
  _Glcd_Fill
  L_end_Glcd_Init
  _Glcd_Init
  L_end_Glcd_Set_Font
  _Glcd_Set_Font
  L_end_Glcd_Write_Char
  _Glcd_Write_Char
  L_end_Glcd_Write_Text
  _Glcd_Write_Text
  L_end_Glcd_Write_Const_Text
  _Glcd_Write_Const_Text
  L_end_Glcd_Dot
  _Glcd_Dot
  L__Glcd_Dot324
  L__Glcd_Dot325
  L_end_Glcd_Line
  _Glcd_Line
  L__Glcd_Line327
  L__Glcd_Line328
  L__Glcd_Line329
  L__Glcd_Line330
  L__Glcd_Line331
  L__Glcd_Line332
  L__Glcd_Line333
  L__Glcd_Line334
  L__Glcd_Line335
  L__Glcd_Line336
  L__Glcd_Line337
  L__Glcd_Line338
  L__Glcd_Line339
  L__Glcd_Line340
  L__Glcd_Line341
  L_end_Glcd_H_Line
  _Glcd_H_Line
  L_end_Glcd_V_Line
  _Glcd_V_Line
  L_end_Glcd_Circle
  _Glcd_Circle
  L__Glcd_Circle345
  L__Glcd_Circle346
  L__Glcd_Circle347
  L__Glcd_Circle348
  L__Glcd_Circle349
  L__Glcd_Circle350
  L_end_Glcd_Circle_Fill
  _Glcd_Circle_Fill
  L__Glcd_Circle_Fill352
  L__Glcd_Circle_Fill353
  L__Glcd_Circle_Fill354
  L__Glcd_Circle_Fill355
  L__Glcd_Circle_Fill356
  L__Glcd_Circle_Fill357
  L__Glcd_Circle_Fill358
  L__Glcd_Circle_Fill359
  L_end_Glcd_Image
  _Glcd_Image
  L_end_Glcd_Rectangle
  _Glcd_Rectangle
  L_end_Glcd_Rectangle_Round_Edges
  _Glcd_Rectangle_Round_Edges
  L__Glcd_Rectangle_Round_Edges363
  L__Glcd_Rectangle_Round_Edges364
  L__Glcd_Rectangle_Round_Edges365
  L__Glcd_Rectangle_Round_Edges366
  L__Glcd_Rectangle_Round_Edges367
  L__Glcd_Rectangle_Round_Edges368
  L__Glcd_Rectangle_Round_Edges369
  L__Glcd_Rectangle_Round_Edges370
  L__Glcd_Rectangle_Round_Edges371
  L_end_Glcd_Box
  _Glcd_Box
  L_end_Glcd_Rectangle_Round_Edges_Fill
  _Glcd_Rectangle_Round_Edges_Fill
  L__Glcd_Rectangle_Round_Edges_Fill374
  L__Glcd_Rectangle_Round_Edges_Fill375
  L__Glcd_Rectangle_Round_Edges_Fill376
  L__Glcd_Rectangle_Round_Edges_Fill377
  L__Glcd_Rectangle_Round_Edges_Fill378
  L__Glcd_Rectangle_Round_Edges_Fill379
  L__Glcd_Rectangle_Round_Edges_Fill380
  L__Glcd_Rectangle_Round_Edges_Fill381
  L__Glcd_Rectangle_Round_Edges_Fill382
  L__Glcd_Rectangle_Round_Edges_Fill383
  L_end_Glcd_PartialImage
  _Glcd_PartialImage
  L__Glcd_PartialImage385
  L__Glcd_PartialImage386
  L__Glcd_PartialImage387
  L__Glcd_PartialImage388
  L__Glcd_PartialImage389
  L__Glcd_PartialImage390
  L__Glcd_PartialImage391
  L__Glcd_PartialImage392
  L__Glcd_PartialImage393
  L__Glcd_PartialImage394
  L__Glcd_PartialImage395
  L__Glcd_PartialImage396
  L__Glcd_PartialImage397
  L__Glcd_PartialImage398
  L__Glcd_PartialImage399
  L__Glcd_PartialImage400
  L__Glcd_PartialImage401
  L__Glcd_PartialImage402
  L__Glcd_PartialImage403
  L__Glcd_PartialImage404
  L__Glcd_PartialImage405
  L__Glcd_PartialImage406
  L__Glcd_PartialImage407
  L__Glcd_PartialImage408
  L__Glcd_PartialImage409
  L__Glcd_PartialImage410
  L_end_Glcd_Set_Ext_Buffer
  _Glcd_Set_Ext_Buffer
  L_end__Glcd_getHeader
  __Lib_Glcd__Glcd_getHeader
  L___Lib_Glcd__Glcd_getHeader413
  L___Lib_Glcd__Glcd_getHeader414
  L_end_Glcd_Set_Font_Adv
  _Glcd_Set_Font_Adv
  L_end_Glcd_Set_Ext_Font_Adv
  _Glcd_Set_Ext_Font_Adv
  L_end__Glcd_Write_Char_AdvE
  __Lib_Glcd__Glcd_Write_Char_AdvE
  L___Lib_Glcd__Glcd_Write_Char_AdvE418
  L___Lib_Glcd__Glcd_Write_Char_AdvE419
  L___Lib_Glcd__Glcd_Write_Char_AdvE420
  L___Lib_Glcd__Glcd_Write_Char_AdvE421
  L___Lib_Glcd__Glcd_Write_Char_AdvE422
  L___Lib_Glcd__Glcd_Write_Char_AdvE423
  L___Lib_Glcd__Glcd_Write_Char_AdvE424
  L___Lib_Glcd__Glcd_Write_Char_AdvE425
  L_end__Glcd_Write_Char_Adv
  __Lib_Glcd__Glcd_Write_Char_Adv
  L___Lib_Glcd__Glcd_Write_Char_Adv427
  L___Lib_Glcd__Glcd_Write_Char_Adv428
  L___Lib_Glcd__Glcd_Write_Char_Adv429
  L___Lib_Glcd__Glcd_Write_Char_Adv430
  L_end__Glcd_Write_Char_Return_Pos
  __Lib_Glcd__Glcd_Write_Char_Return_Pos
  L___Lib_Glcd__Glcd_Write_Char_Return_Pos432
  L___Lib_Glcd__Glcd_Write_Char_Return_Pos433
  L_end__Glcd_Write_Char_Return_PosE
  __Lib_Glcd__Glcd_Write_Char_Return_PosE
  L___Lib_Glcd__Glcd_Write_Char_Return_PosE435
  L___Lib_Glcd__Glcd_Write_Char_Return_PosE436
  L_end_Glcd_Move_Cursor
  __Lib_Glcd_Glcd_Move_Cursor
  L_end_Glcd_Write_Text_Return_Pos
  _Glcd_Write_Text_Return_Pos
  L__Glcd_Write_Text_Return_Pos439
  L__Glcd_Write_Text_Return_Pos440
  L_end_Glcd_Write_Const_Text_Return_Pos
  _Glcd_Write_Const_Text_Return_Pos
  L__Glcd_Write_Const_Text_Return_Pos442
  L__Glcd_Write_Const_Text_Return_Pos443
  L_end_Glcd_Write_Char_Adv
  _Glcd_Write_Char_Adv
  L__Glcd_Write_Char_Adv445
  L__Glcd_Write_Char_Adv446
  L_end_Glcd_Write_Text_Adv
  _Glcd_Write_Text_Adv
  L__Glcd_Write_Text_Adv448
  L__Glcd_Write_Text_Adv449
  L_end_Glcd_Write_Const_Text_Adv
  _Glcd_Write_Const_Text_Adv
  L__Glcd_Write_Const_Text_Adv451
  L__Glcd_Write_Const_Text_Adv452
  L_end_Glcd_Ext_Image
  _Glcd_Ext_Image
  L__Glcd_Ext_Image454
  L__Glcd_Ext_Image455
  L__Glcd_Ext_Image456
  L__Glcd_Ext_Image457
  L__Glcd_Ext_Image458
  L_end_Glcd_Ext_PartialImage
  _Glcd_Ext_PartialImage
  L__Glcd_Ext_PartialImage460
  L__Glcd_Ext_PartialImage461
  L__Glcd_Ext_PartialImage462
  L__Glcd_Ext_PartialImage463
  L__Glcd_Ext_PartialImage464
  L__Glcd_Ext_PartialImage465
  L__Glcd_Ext_PartialImage466
  L__Glcd_Ext_PartialImage467
  L__Glcd_Ext_PartialImage468
  L__Glcd_Ext_PartialImage469
  L__Glcd_Ext_PartialImage470
  L__Glcd_Ext_PartialImage471
  L__Glcd_Ext_PartialImage472
  L__Glcd_Ext_PartialImage473
  L__Glcd_Ext_PartialImage474
  L__Glcd_Ext_PartialImage475
  L__Glcd_Ext_PartialImage476
  L__Glcd_Ext_PartialImage477
  L__Glcd_Ext_PartialImage478
  L__Glcd_Ext_PartialImage479
  L__Glcd_Ext_PartialImage480
  L__Glcd_Ext_PartialImage481
  L__Glcd_Ext_PartialImage482
  L__Glcd_Ext_PartialImage483
  L__Glcd_Ext_PartialImage484
  L__Glcd_Ext_PartialImage485
  L__Glcd_Ext_PartialImage486
  L__Glcd_Ext_PartialImage487
  L__Glcd_Ext_PartialImage488
  L__Glcd_Ext_PartialImage489
  _CC2D_Loop1
  _CC2DL_Loop1
  L_loopCA2AWs
  L_loopCCA2AWs
  L_loopCS2Ss
  L_CS2Send
  L_loopCCS2Ss
  L_CCS2Send
  L_loopFZinSWs
  L_longjmp7
  L_end___CC2D
  ___CC2D
  L_end___CC2DW
  ___CC2DW
  L_end___CA2AW
  ___CA2AW
  L_end___CCA2AW
  ___CCA2AW
  L_end___CS2S
  ___CS2S
  L_end___CCS2S
  ___CCS2S
  L_end___FZinS
  ___FZinS
  L_end_____DoIFC
  _____DoIFC
  L_end_Swap
  _Swap
  L_end_setjmp
  _setjmp
  L_end_longjmp
  _longjmp
  L_UART1_Init0
  L_UART1_Init1
  L_UART1_Read2
  L_UART1_Write3
  L_UART1_Write4
  L_UART1_Write_Text5
  L_UART1_Write_Text6
  L_UART1_Read_Text7
  L_UART1_Read_Text8
  L_UART1_Read_Text9
  L_UART1_Read_Text10
  L_UART1_Read_Text11
  L_UART1_Read_Text12
  L_UART1_Read_Text13
  L_UART1_Read_Text14
  L_UART1_Read_Text15
  L_UART2_Init16
  L_UART2_Init17
  L_UART2_Read18
  L_UART2_Write19
  L_UART2_Write20
  L_UART2_Write_Text21
  L_UART2_Write_Text22
  L_UART2_Read_Text23
  L_UART2_Read_Text24
  L_UART2_Read_Text25
  L_UART2_Read_Text26
  L_UART2_Read_Text27
  L_UART2_Read_Text28
  L_UART2_Read_Text29
  L_UART2_Read_Text30
  L_UART2_Read_Text31
  L_UART_Write_Text32
  L_UART_Write_Text33
  L_UART_Read_Text34
  L_UART_Read_Text35
  L_UART_Read_Text36
  L_UART_Read_Text37
  L_UART_Read_Text38
  L_UART_Read_Text39
  L_UART_Read_Text40
  L_UART_Read_Text41
  L_UART_Read_Text42
  L_end_UART1_Init
  _UART1_Init
  L_end_UART1_Data_Ready
  _UART1_Data_Ready
  L_end_UART1_Read
  _UART1_Read
  L_end_UART1_Tx_Idle
  _UART1_Tx_Idle
  L_end_UART1_Write
  _UART1_Write
  L_end_UART1_Write_Text
  _UART1_Write_Text
  L_end_UART1_Read_Text
  _UART1_Read_Text
  L_end_UART2_Init
  _UART2_Init
  L_end_UART2_Data_Ready
  _UART2_Data_Ready
  L_end_UART2_Read
  _UART2_Read
  L_end_UART2_Tx_Idle
  _UART2_Tx_Idle
  L_end_UART2_Write
  _UART2_Write
  L_end_UART2_Write_Text
  _UART2_Write_Text
  L_end_UART2_Read_Text
  _UART2_Read_Text
  L_end_UART_Set_Active
  _UART_Set_Active
  L_end_UART_Write
  _UART_Write
  L_end_UART_Write_Text
  _UART_Write_Text
  L_end_UART_Read
  _UART_Read
  L_end_UART_Data_Ready
  _UART_Data_Ready
  L_end_UART_Read_Text
  _UART_Read_Text
  L_end_UART_Tx_Idle
  _UART_Tx_Idle
